<?xml version="1.0" encoding="UTF-8"?>
<!-- Generated by org.testng.reporters.JUnitReportReporter -->
<testsuite hostname="XVMYDSKCLN016" name="baseTest.MainTest" tests="8" failures="0" timestamp="21 Mar 2017 13:24:15 GMT" time="1.483" errors="0">
  <testcase name="Scenarios" time="0.494" classname="baseTest.MainTest"/>
  <testcase name="Scenarios" time="0.173" classname="baseTest.MainTest"/>
  <testcase name="Scenarios" time="0.287" classname="baseTest.MainTest"/>
  <testcase name="Scenarios" time="0.101" classname="baseTest.MainTest"/>
  <testcase name="Scenarios" time="0.183" classname="baseTest.MainTest"/>
  <testcase name="Scenarios" time="0.080" classname="baseTest.MainTest"/>
  <testcase name="Scenarios" time="0.054" classname="baseTest.MainTest"/>
  <testcase name="Scenarios" time="0.111" classname="baseTest.MainTest"/>
</testsuite> <!-- baseTest.MainTest -->
